<?xml version="1.0" encoding="UTF-8"?>
<testng-results skipped="0" failed="0" ignored="0" total="1" passed="1">
  <reporter-output>
  </reporter-output>
  <suite name="Suite" duration-ms="58" started-at="2017-07-07T18:27:17Z" finished-at="2017-07-07T18:27:17Z">
    <groups>
    </groups>
    <test name="Test" duration-ms="58" started-at="2017-07-07T18:27:17Z" finished-at="2017-07-07T18:27:17Z">
      <class name="hola.mavenExcersice">
        <test-method status="PASS" signature="Hola()[pri:0, instance:hola.mavenExcersice@3c09711b]" name="Hola" duration-ms="23" started-at="2017-07-07T15:27:17Z" finished-at="2017-07-07T15:27:17Z">
          <reporter-output>
          </reporter-output>
        </test-method> <!-- Hola -->
      </class> <!-- hola.mavenExcersice -->
    </test> <!-- Test -->
  </suite> <!-- Suite -->
</testng-results>
