<?xml version="1.0" encoding="UTF-8"?>
<testng-results skipped="0" failed="1" ignored="0" total="1" passed="0">
  <reporter-output>
  </reporter-output>
  <suite name="Default suite" duration-ms="89717" started-at="2017-07-03T02:21:03Z" finished-at="2017-07-03T02:22:33Z">
    <groups>
    </groups>
    <test name="Default test" duration-ms="89717" started-at="2017-07-03T02:21:03Z" finished-at="2017-07-03T02:22:33Z">
      <class name="demoMobile.TestMobile">
        <test-method status="FAIL" signature="setUp()[pri:0, instance:demoMobile.TestMobile@59fa1d9b]" name="setUp" duration-ms="89661" started-at="2017-07-02T23:21:03Z" finished-at="2017-07-02T23:22:33Z">
          <exception class="org.openqa.selenium.NoSuchElementException">
            <message>
              <![CDATA[An element could not be located on the page using the given search parameters. (WARNING: The server did not provide any stacktrace information)
Command duration or timeout: 1.00 seconds
For documentation on this error, please visit: http://seleniumhq.org/exceptions/no_such_element.html
Build info: version: 'unknown', revision: 'unknown', time: 'unknown'
System info: host: 'DESKTOP-UOMKS8R', ip: '192.168.152.1', os.name: 'Windows 10', os.arch: 'amd64', os.version: '10.0', java.version: '1.8.0_131'
Driver info: io.appium.java_client.android.AndroidDriver
Capabilities [{appPackage=com.whatsapp, deviceScreenSize=1440x2560, networkConnectionEnabled=true, noReset=true, warnings={}, databaseEnabled=false, deviceName=8XV7N16504000778, fullReset=false, platform=LINUX, deviceUDID=8XV7N16504000778, appActivity=.HomeActivity t14350, desired={appPackage=com.whatsapp, appActivity=.HomeActivity t14350, noReset=true, platformVersion=7.1.2, browserName=, platformName=Android, deviceName=Nexus 6P, fullReset=false}, platformVersion=7.1.2, webStorageEnabled=false, locationContextEnabled=false, takesScreenshot=true, browserName=, javascriptEnabled=true, deviceModel=Nexus 6P, platformName=Android, deviceManufacturer=Huawei}]
Session ID: 6f2db1c1-1b5f-47b2-b5f1-5a8597a7ecec
*** Element info: {Using=xpath, value=//android.widget.Button[@bounds='[865,2266][1154,2403]']}]]>
            </message>
            <full-stacktrace>
              <![CDATA[org.openqa.selenium.NoSuchElementException: An element could not be located on the page using the given search parameters. (WARNING: The server did not provide any stacktrace information)
Command duration or timeout: 1.00 seconds
For documentation on this error, please visit: http://seleniumhq.org/exceptions/no_such_element.html
Build info: version: 'unknown', revision: 'unknown', time: 'unknown'
System info: host: 'DESKTOP-UOMKS8R', ip: '192.168.152.1', os.name: 'Windows 10', os.arch: 'amd64', os.version: '10.0', java.version: '1.8.0_131'
Driver info: io.appium.java_client.android.AndroidDriver
Capabilities [{appPackage=com.whatsapp, deviceScreenSize=1440x2560, networkConnectionEnabled=true, noReset=true, warnings={}, databaseEnabled=false, deviceName=8XV7N16504000778, fullReset=false, platform=LINUX, deviceUDID=8XV7N16504000778, appActivity=.HomeActivity t14350, desired={appPackage=com.whatsapp, appActivity=.HomeActivity t14350, noReset=true, platformVersion=7.1.2, browserName=, platformName=Android, deviceName=Nexus 6P, fullReset=false}, platformVersion=7.1.2, webStorageEnabled=false, locationContextEnabled=false, takesScreenshot=true, browserName=, javascriptEnabled=true, deviceModel=Nexus 6P, platformName=Android, deviceManufacturer=Huawei}]
Session ID: 6f2db1c1-1b5f-47b2-b5f1-5a8597a7ecec
*** Element info: {Using=xpath, value=//android.widget.Button[@bounds='[865,2266][1154,2403]']}
	at sun.reflect.NativeConstructorAccessorImpl.newInstance0(Native Method)
	at sun.reflect.NativeConstructorAccessorImpl.newInstance(Unknown Source)
	at sun.reflect.DelegatingConstructorAccessorImpl.newInstance(Unknown Source)
	at java.lang.reflect.Constructor.newInstance(Unknown Source)
	at org.openqa.selenium.remote.ErrorHandler.createThrowable(ErrorHandler.java:215)
	at org.openqa.selenium.remote.ErrorHandler.throwIfResponseFailed(ErrorHandler.java:167)
	at org.openqa.selenium.remote.RemoteWebDriver.execute(RemoteWebDriver.java:671)
	at io.appium.java_client.DefaultGenericMobileDriver.execute(DefaultGenericMobileDriver.java:42)
	at io.appium.java_client.AppiumDriver.execute(AppiumDriver.java:1)
	at io.appium.java_client.android.AndroidDriver.execute(AndroidDriver.java:1)
	at org.openqa.selenium.remote.RemoteWebDriver.findElement(RemoteWebDriver.java:410)
	at io.appium.java_client.DefaultGenericMobileDriver.findElement(DefaultGenericMobileDriver.java:62)
	at io.appium.java_client.AppiumDriver.findElement(AppiumDriver.java:1)
	at io.appium.java_client.android.AndroidDriver.findElement(AndroidDriver.java:1)
	at org.openqa.selenium.remote.RemoteWebDriver.findElementByXPath(RemoteWebDriver.java:509)
	at io.appium.java_client.DefaultGenericMobileDriver.findElementByXPath(DefaultGenericMobileDriver.java:140)
	at io.appium.java_client.AppiumDriver.findElementByXPath(AppiumDriver.java:1)
	at io.appium.java_client.android.AndroidDriver.findElementByXPath(AndroidDriver.java:1)
	at org.openqa.selenium.By$ByXPath.findElement(By.java:361)
	at org.openqa.selenium.remote.RemoteWebDriver.findElement(RemoteWebDriver.java:402)
	at io.appium.java_client.DefaultGenericMobileDriver.findElement(DefaultGenericMobileDriver.java:58)
	at io.appium.java_client.AppiumDriver.findElement(AppiumDriver.java:1)
	at io.appium.java_client.android.AndroidDriver.findElement(AndroidDriver.java:1)
	at demoMobile.TestMobile.setUp(TestMobile.java:68)
	at sun.reflect.NativeMethodAccessorImpl.invoke0(Native Method)
	at sun.reflect.NativeMethodAccessorImpl.invoke(Unknown Source)
	at sun.reflect.DelegatingMethodAccessorImpl.invoke(Unknown Source)
	at java.lang.reflect.Method.invoke(Unknown Source)
	at org.testng.internal.MethodInvocationHelper.invokeMethod(MethodInvocationHelper.java:108)
	at org.testng.internal.Invoker.invokeMethod(Invoker.java:661)
	at org.testng.internal.Invoker.invokeTestMethod(Invoker.java:869)
	at org.testng.internal.Invoker.invokeTestMethods(Invoker.java:1193)
	at org.testng.internal.TestMethodWorker.invokeTestMethods(TestMethodWorker.java:126)
	at org.testng.internal.TestMethodWorker.run(TestMethodWorker.java:109)
	at org.testng.TestRunner.privateRun(TestRunner.java:744)
	at org.testng.TestRunner.run(TestRunner.java:602)
	at org.testng.SuiteRunner.runTest(SuiteRunner.java:380)
	at org.testng.SuiteRunner.runSequentially(SuiteRunner.java:375)
	at org.testng.SuiteRunner.privateRun(SuiteRunner.java:340)
	at org.testng.SuiteRunner.run(SuiteRunner.java:289)
	at org.testng.SuiteRunnerWorker.runSuite(SuiteRunnerWorker.java:52)
	at org.testng.SuiteRunnerWorker.run(SuiteRunnerWorker.java:86)
	at org.testng.TestNG.runSuitesSequentially(TestNG.java:1301)
	at org.testng.TestNG.runSuitesLocally(TestNG.java:1226)
	at org.testng.TestNG.runSuites(TestNG.java:1144)
	at org.testng.TestNG.run(TestNG.java:1115)
	at org.testng.remote.AbstractRemoteTestNG.run(AbstractRemoteTestNG.java:132)
	at org.testng.remote.RemoteTestNG.initAndRun(RemoteTestNG.java:230)
	at org.testng.remote.RemoteTestNG.main(RemoteTestNG.java:76)
]]>
            </full-stacktrace>
          </exception> <!-- org.openqa.selenium.NoSuchElementException -->
          <reporter-output>
          </reporter-output>
        </test-method> <!-- setUp -->
      </class> <!-- demoMobile.TestMobile -->
    </test> <!-- Default test -->
  </suite> <!-- Default suite -->
</testng-results>
