<?xml version="1.0" encoding="UTF-8"?>
<testng-results skipped="0" failed="0" ignored="7" total="8" passed="1">
  <reporter-output>
  </reporter-output>
  <suite name="Default suite" duration-ms="114708" started-at="2017-09-13T13:17:54Z" finished-at="2017-09-13T13:19:49Z">
    <groups>
    </groups>
    <test name="Default test" duration-ms="114708" started-at="2017-09-13T13:17:54Z" finished-at="2017-09-13T13:19:49Z">
      <class name="Tests.SintomasSTTManagement">
        <test-method status="PASS" signature="init()[pri:0, instance:Tests.SintomasSTTManagement@1e88b3c]" name="init" is-config="true" duration-ms="35617" started-at="2017-09-13T10:17:54Z" finished-at="2017-09-13T10:18:30Z">
          <reporter-output>
          </reporter-output>
        </test-method> <!-- init -->
        <test-method status="PASS" signature="setUp()[pri:0, instance:Tests.SintomasSTTManagement@1e88b3c]" name="setUp" is-config="true" duration-ms="10766" started-at="2017-09-13T10:18:30Z" finished-at="2017-09-13T10:18:40Z">
          <reporter-output>
          </reporter-output>
        </test-method> <!-- setUp -->
        <test-method status="PASS" signature="TS11546_Creacion_De_Sintoma_Ejecucion_activada()[pri:0, instance:Tests.SintomasSTTManagement@1e88b3c]" name="TS11546_Creacion_De_Sintoma_Ejecucion_activada" duration-ms="65902" started-at="2017-09-13T10:18:40Z" finished-at="2017-09-13T10:19:46Z">
          <reporter-output>
          </reporter-output>
        </test-method> <!-- TS11546_Creacion_De_Sintoma_Ejecucion_activada -->
        <test-method status="PASS" signature="tearDown()[pri:0, instance:Tests.SintomasSTTManagement@1e88b3c]" name="tearDown" is-config="true" duration-ms="2375" started-at="2017-09-13T10:19:46Z" finished-at="2017-09-13T10:19:49Z">
          <reporter-output>
          </reporter-output>
        </test-method> <!-- tearDown -->
      </class> <!-- Tests.SintomasSTTManagement -->
    </test> <!-- Default test -->
  </suite> <!-- Default suite -->
</testng-results>
