<?xml version="1.0" encoding="UTF-8"?>
<testng-results skipped="0" failed="0" ignored="8" total="9" passed="1">
  <reporter-output>
  </reporter-output>
  <suite name="Default suite" duration-ms="147427" started-at="2017-09-13T13:47:16Z" finished-at="2017-09-13T13:49:44Z">
    <groups>
    </groups>
    <test name="Default test" duration-ms="147427" started-at="2017-09-13T13:47:16Z" finished-at="2017-09-13T13:49:44Z">
      <class name="Tests.SintomasSTTManagement">
        <test-method status="PASS" signature="init()[pri:0, instance:Tests.SintomasSTTManagement@1e88b3c]" name="init" is-config="true" duration-ms="32778" started-at="2017-09-13T10:47:16Z" finished-at="2017-09-13T10:47:49Z">
          <reporter-output>
          </reporter-output>
        </test-method> <!-- init -->
        <test-method status="PASS" signature="setUp()[pri:0, instance:Tests.SintomasSTTManagement@1e88b3c]" name="setUp" is-config="true" duration-ms="21258" started-at="2017-09-13T10:47:49Z" finished-at="2017-09-13T10:48:10Z">
          <reporter-output>
          </reporter-output>
        </test-method> <!-- setUp -->
        <test-method status="PASS" signature="TS1154_Creacion_De_Sintoma_Ejecucion_desactivado()[pri:0, instance:Tests.SintomasSTTManagement@1e88b3c]" name="TS1154_Creacion_De_Sintoma_Ejecucion_desactivado" duration-ms="90808" started-at="2017-09-13T10:48:10Z" finished-at="2017-09-13T10:49:41Z">
          <reporter-output>
          </reporter-output>
        </test-method> <!-- TS1154_Creacion_De_Sintoma_Ejecucion_desactivado -->
        <test-method status="PASS" signature="tearDown()[pri:0, instance:Tests.SintomasSTTManagement@1e88b3c]" name="tearDown" is-config="true" duration-ms="2531" started-at="2017-09-13T10:49:41Z" finished-at="2017-09-13T10:49:44Z">
          <reporter-output>
          </reporter-output>
        </test-method> <!-- tearDown -->
      </class> <!-- Tests.SintomasSTTManagement -->
    </test> <!-- Default test -->
  </suite> <!-- Default suite -->
</testng-results>
