<?xml version="1.0" encoding="UTF-8"?>
<!-- Generated by org.testng.reporters.JUnitXMLReporter -->
<testsuite hostname="LAPTOP-ADMPVVC9" ignored="7" name="Default test" tests="1" failures="0" timestamp="13 sep 2017 13:19:49 GMT" time="114.708" errors="0">
  <testcase name="TS11546_Creacion_De_Sintoma_Ejecucion_activada" time="65.902" classname="Tests.SintomasSTTManagement"/>
  <testcase name="TS11558_Creacion_De_Sintoma_Descripcion_255" time="0.0" classname="Tests.SintomasSTTManagement">
    <ignored/>
  </testcase> <!-- TS11558_Creacion_De_Sintoma_Descripcion_255 -->
  <testcase name="TS12605_SST_Sintomas_Consistencia" time="0.0" classname="Tests.SintomasSTTManagement">
    <ignored/>
  </testcase> <!-- TS12605_SST_Sintomas_Consistencia -->
  <testcase name="TS11556_Creacion_De_Sintoma_Descripcion_numero" time="0.0" classname="Tests.SintomasSTTManagement">
    <ignored/>
  </testcase> <!-- TS11556_Creacion_De_Sintoma_Descripcion_numero -->
  <testcase name="TS11557_Creacion_De_Sintoma_Descripcion_letra" time="0.0" classname="Tests.SintomasSTTManagement">
    <ignored/>
  </testcase> <!-- TS11557_Creacion_De_Sintoma_Descripcion_letra -->
  <testcase name="TS11561_Admin_Desactivacion_De_Sintoma" time="0.0" classname="Tests.SintomasSTTManagement">
    <ignored/>
  </testcase> <!-- TS11561_Admin_Desactivacion_De_Sintoma -->
  <testcase name="TS11555_Creacion_De_Sintoma_Descripcion_simbolo" time="0.0" classname="Tests.SintomasSTTManagement">
    <ignored/>
  </testcase> <!-- TS11555_Creacion_De_Sintoma_Descripcion_simbolo -->
  <testcase name="TS11559_Creacion_De_Sintoma_Descripcion_256" time="0.0" classname="Tests.SintomasSTTManagement">
    <ignored/>
  </testcase> <!-- TS11559_Creacion_De_Sintoma_Descripcion_256 -->
</testsuite> <!-- Default test -->
